<?xml version="1.0" encoding="UTF-8"?>
<!-- Generated by org.testng.reporters.JUnitReportReporter -->
<testsuite hostname="DESKTOP-MLOMP2I" failures="0" tests="2" name="practice.AddToCartTest1" time="0.066" errors="0" timestamp="2022-09-17T14:23:27 IST" skipped="0">
  <testcase classname="practice.AddToCartTest1" name="removeFromCart" time="0.020"/>
  <system-out/>
  <testcase classname="practice.AddToCartTest1" name="addToCartTest" time="0.046"/>
  <system-out/>
</testsuite> <!-- practice.AddToCartTest1 -->
