<?xml version="1.0" encoding="UTF-8"?>
<!-- Generated by org.testng.reporters.JUnitReportReporter -->
<testsuite hostname="DESKTOP-MLOMP2I" failures="0" tests="2" name="practice.AddToCartTest1" time="0.030" errors="0" timestamp="2022-09-17T14:27:46 IST" skipped="0">
  <testcase classname="practice.AddToCartTest1" name="removeFromCart" time="0.004"/>
  <system-out/>
  <testcase classname="practice.AddToCartTest1" name="addToCartTest" time="0.026"/>
  <system-out/>
</testsuite> <!-- practice.AddToCartTest1 -->
