<?xml version="1.0" encoding="UTF-8"?>
<!-- Generated by org.testng.reporters.JUnitReportReporter -->
<testsuite hostname="DESKTOP-MLOMP2I" failures="0" tests="1" name="practice.AddToCartTest1" time="0.021" errors="0" timestamp="2022-09-17T11:48:33 IST" skipped="0">
  <testcase classname="practice.AddToCartTest1" name="addToCartTest" time="0.021"/>
  <system-out/>
</testsuite> <!-- practice.AddToCartTest1 -->
